This is XeTeX, Version 3.14159265-2.6-0.999992 (MiKTeX 20.6.29) (preloaded format=xelatex 2020.9.25)  13 DEC 2020 23:23
entering extended mode
**./chapter2.tex
(chapter2.tex
LaTeX2e <2020-02-02> patch level 5
L3 programming layer <2020-06-18>
! Undefined control sequence.
l.1 \section
            {基础知识回顾}
The control sequence at the end of the top line
of your error message was never \def'ed. If you have
misspelled it (e.g., `\hobx'), type `I' and the correct
spelling (e.g., `I\hbox'). Otherwise just continue,
and I'll forget about whatever was undefined.


! LaTeX Error: Missing \begin{document}.

See the LaTeX manual or LaTeX Companion for explanation.
Type  H <return>  for immediate help.
 ...                                              
                                                  
l.1 \section{基
              础知识回顾}
You're in trouble here.  Try typing  <return>  to proceed.
If that doesn't work, type  X <return>  to quit.

Missing character: There is no 基 in font nullfont!
Missing character: There is no 础 in font nullfont!
Missing character: There is no 知 in font nullfont!
Missing character: There is no 识 in font nullfont!
Missing character: There is no 回 in font nullfont!
Missing character: There is no 顾 in font nullfont!
! Undefined control sequence.
l.2 \subsection
               {独立事件的概率}
The control sequence at the end of the top line
of your error message was never \def'ed. If you have
misspelled it (e.g., `\hobx'), type `I' and the correct
spelling (e.g., `I\hbox'). Otherwise just continue,
and I'll forget about whatever was undefined.

Missing character: There is no 独 in font nullfont!
Missing character: There is no 立 in font nullfont!
Missing character: There is no 事 in font nullfont!
Missing character: There is no 件 in font nullfont!
Missing character: There is no 的 in font nullfont!
Missing character: There is no 概 in font nullfont!
Missing character: There is no 率 in font nullfont!

Overfull \hbox (20.0pt too wide) in paragraph at lines 1--3
[]
 []


! LaTeX Error: Missing \begin{document}.

See the LaTeX manual or LaTeX Companion for explanation.
Type  H <return>  for immediate help.
 ...                                              
                                                  
l.3 \par{假
          设有事件 A 和事件 B，概率用 P(A) 和 P(B) 表示},
You're in trouble here.  Try typing  <return>  to proceed.
If that doesn't work, type  X <return>  to quit.

Missing character: There is no 假 in font nullfont!
Missing character: There is no 设 in font nullfont!
Missing character: There is no 有 in font nullfont!
Missing character: There is no 事 in font nullfont!
Missing character: There is no 件 in font nullfont!
Missing character: There is no A in font nullfont!
Missing character: There is no 和 in font nullfont!
Missing character: There is no 事 in font nullfont!
Missing character: There is no 件 in font nullfont!
Missing character: There is no B in font nullfont!
Missing character: There is no ， in font nullfont!
Missing character: There is no 概 in font nullfont!
Missing character: There is no 率 in font nullfont!
Missing character: There is no 用 in font nullfont!
Missing character: There is no P in font nullfont!
Missing character: There is no ( in font nullfont!
Missing character: There is no A in font nullfont!
Missing character: There is no ) in font nullfont!
Missing character: There is no 和 in font nullfont!
Missing character: There is no P in font nullfont!
Missing character: There is no ( in font nullfont!
Missing character: There is no B in font nullfont!
Missing character: There is no ) in font nullfont!
Missing character: There is no 表 in font nullfont!
Missing character: There is no 示 in font nullfont!
Missing character: There is no , in font nullfont!

Overfull \hbox (20.0pt too wide) in paragraph at lines 3--4
[]
 []


! LaTeX Error: Missing \begin{document}.

See the LaTeX manual or LaTeX Companion for explanation.
Type  H <return>  for immediate help.
 ...                                              
                                                  
l.4 \par{其
          中}
You're in trouble here.  Try typing  <return>  to proceed.
If that doesn't work, type  X <return>  to quit.

Missing character: There is no 其 in font nullfont!
Missing character: There is no 中 in font nullfont!

Overfull \hbox (20.0pt too wide) in paragraph at lines 4--5
[] 
 []


! LaTeX Error: Missing \begin{document}.

See the LaTeX manual or LaTeX Companion for explanation.
Type  H <return>  for immediate help.
 ...                                              
                                                  
l.5 \par{K
          -means的主要优点有：原理比较简单，实现也是很容易，收敛速度快，聚类效果较优算法的可解释性较强，主要需要调参的参数仅仅是簇数K。...

You're in trouble here.  Try typing  <return>  to proceed.
If that doesn't work, type  X <return>  to quit.

Missing character: There is no K in font nullfont!
Missing character: There is no - in font nullfont!
Missing character: There is no m in font nullfont!
Missing character: There is no e in font nullfont!
Missing character: There is no a in font nullfont!
Missing character: There is no n in font nullfont!
Missing character: There is no s in font nullfont!
Missing character: There is no 的 in font nullfont!
Missing character: There is no 主 in font nullfont!
Missing character: There is no 要 in font nullfont!
Missing character: There is no 优 in font nullfont!
Missing character: There is no 点 in font nullfont!
Missing character: There is no 有 in font nullfont!
Missing character: There is no ： in font nullfont!
Missing character: There is no 原 in font nullfont!
Missing character: There is no 理 in font nullfont!
Missing character: There is no 比 in font nullfont!
Missing character: There is no 较 in font nullfont!
Missing character: There is no 简 in font nullfont!
Missing character: There is no 单 in font nullfont!
Missing character: There is no ， in font nullfont!
Missing character: There is no 实 in font nullfont!
Missing character: There is no 现 in font nullfont!
Missing character: There is no 也 in font nullfont!
Missing character: There is no 是 in font nullfont!
Missing character: There is no 很 in font nullfont!
Missing character: There is no 容 in font nullfont!
Missing character: There is no 易 in font nullfont!
Missing character: There is no ， in font nullfont!
Missing character: There is no 收 in font nullfont!
Missing character: There is no 敛 in font nullfont!
Missing character: There is no 速 in font nullfont!
Missing character: There is no 度 in font nullfont!
Missing character: There is no 快 in font nullfont!
Missing character: There is no ， in font nullfont!
Missing character: There is no 聚 in font nullfont!
Missing character: There is no 类 in font nullfont!
Missing character: There is no 效 in font nullfont!
Missing character: There is no 果 in font nullfont!
Missing character: There is no 较 in font nullfont!
Missing character: There is no 优 in font nullfont!
Missing character: There is no 算 in font nullfont!
Missing character: There is no 法 in font nullfont!
Missing character: There is no 的 in font nullfont!
Missing character: There is no 可 in font nullfont!
Missing character: There is no 解 in font nullfont!
Missing character: There is no 释 in font nullfont!
Missing character: There is no 性 in font nullfont!
Missing character: There is no 较 in font nullfont!
Missing character: There is no 强 in font nullfont!
Missing character: There is no ， in font nullfont!
Missing character: There is no 主 in font nullfont!
Missing character: There is no 要 in font nullfont!
Missing character: There is no 需 in font nullfont!
Missing character: There is no 要 in font nullfont!
Missing character: There is no 调 in font nullfont!
Missing character: There is no 参 in font nullfont!
Missing character: There is no 的 in font nullfont!
Missing character: There is no 参 in font nullfont!
Missing character: There is no 数 in font nullfont!
Missing character: There is no 仅 in font nullfont!
Missing character: There is no 仅 in font nullfont!
Missing character: There is no 是 in font nullfont!
Missing character: There is no 簇 in font nullfont!
Missing character: There is no 数 in font nullfont!
Missing character: There is no K in font nullfont!
Missing character: There is no 。 in font nullfont!
Missing character: There is no K in font nullfont!
Missing character: There is no - in font nullfont!
Missing character: There is no m in font nullfont!
Missing character: There is no e in font nullfont!
Missing character: There is no a in font nullfont!
Missing character: There is no n in font nullfont!
Missing character: There is no s in font nullfont!
Missing character: There is no 的 in font nullfont!
Missing character: There is no 主 in font nullfont!
Missing character: There is no 要 in font nullfont!
Missing character: There is no 缺 in font nullfont!
Missing character: There is no 点 in font nullfont!
Missing character: There is no 有 in font nullfont!
Missing character: There is no ： in font nullfont!
Missing character: There is no K in font nullfont!
Missing character: There is no 值 in font nullfont!
Missing character: There is no 的 in font nullfont!
Missing character: There is no 选 in font nullfont!
Missing character: There is no 取 in font nullfont!
Missing character: There is no 不 in font nullfont!
Missing character: There is no 好 in font nullfont!
Missing character: There is no 把 in font nullfont!
Missing character: There is no 握 in font nullfont!
Missing character: There is no ； in font nullfont!
Missing character: There is no 不 in font nullfont!
Missing character: There is no 平 in font nullfont!
Missing character: There is no 衡 in font nullfont!
Missing character: There is no 数 in font nullfont!
Missing character: There is no 据 in font nullfont!
Missing character: There is no 集 in font nullfont!
Missing character: There is no 的 in font nullfont!
Missing character: There is no 聚 in font nullfont!
Missing character: There is no 类 in font nullfont!
Missing character: There is no 效 in font nullfont!
Missing character: There is no 果 in font nullfont!
Missing character: There is no 不 in font nullfont!
Missing character: There is no 佳 in font nullfont!
Missing character: There is no ； in font nullfont!
Missing character: There is no 采 in font nullfont!
Missing character: There is no 用 in font nullfont!
Missing character: There is no 迭 in font nullfont!
Missing character: There is no 代 in font nullfont!
Missing character: There is no 方 in font nullfont!
Missing character: There is no 法 in font nullfont!
Missing character: There is no ， in font nullfont!
Missing character: There is no 得 in font nullfont!
Missing character: There is no 到 in font nullfont!
Missing character: There is no 的 in font nullfont!
Missing character: There is no 结 in font nullfont!
Missing character: There is no 果 in font nullfont!
Missing character: There is no 只 in font nullfont!
Missing character: There is no 是 in font nullfont!
Missing character: There is no 局 in font nullfont!
Missing character: There is no 部 in font nullfont!
Missing character: There is no 最 in font nullfont!
Missing character: There is no 优 in font nullfont!
Missing character: There is no ； in font nullfont!
Missing character: There is no 对 in font nullfont!
Missing character: There is no 噪 in font nullfont!
Missing character: There is no 音 in font nullfont!
Missing character: There is no 和 in font nullfont!
Missing character: There is no 异 in font nullfont!
Missing character: There is no 常 in font nullfont!
Missing character: There is no 点 in font nullfont!
Missing character: There is no 比 in font nullfont!
Missing character: There is no 较 in font nullfont!
Missing character: There is no 敏 in font nullfont!
Missing character: There is no 感 in font nullfont!
Missing character: There is no 。 in font nullfont!

Overfull \hbox (20.0pt too wide) in paragraph at lines 5--6
[] 
 []

! Undefined control sequence.
l.8 \subsection
               {DBI评价指标}
The control sequence at the end of the top line
of your error message was never \def'ed. If you have
misspelled it (e.g., `\hobx'), type `I' and the correct
spelling (e.g., `I\hbox'). Otherwise just continue,
and I'll forget about whatever was undefined.


! LaTeX Error: Missing \begin{document}.

See the LaTeX manual or LaTeX Companion for explanation.
Type  H <return>  for immediate help.
 ...                                              
                                                  
l.8 \subsection{D
                 BI评价指标}
You're in trouble here.  Try typing  <return>  to proceed.
If that doesn't work, type  X <return>  to quit.

Missing character: There is no D in font nullfont!
Missing character: There is no B in font nullfont!
Missing character: There is no I in font nullfont!
Missing character: There is no 评 in font nullfont!
Missing character: There is no 价 in font nullfont!
Missing character: There is no 指 in font nullfont!
Missing character: There is no 标 in font nullfont!

Overfull \hbox (20.0pt too wide) in paragraph at lines 8--9
[] 
 []


! LaTeX Error: Missing \begin{document}.

See the LaTeX manual or LaTeX Companion for explanation.
Type  H <return>  for immediate help.
 ...                                              
                                                  
l.9 \par{戴
          维森堡丁指数(DBI)，又称为分类适确性指标，是由大卫L·Davis和D·Bouldin提出的一种评估聚类算法优劣的指标\cite{...

You're in trouble here.  Try typing  <return>  to proceed.
If that doesn't work, type  X <return>  to quit.

Missing character: There is no 戴 in font nullfont!
Missing character: There is no 维 in font nullfont!
Missing character: There is no 森 in font nullfont!
Missing character: There is no 堡 in font nullfont!
Missing character: There is no 丁 in font nullfont!
Missing character: There is no 指 in font nullfont!
Missing character: There is no 数 in font nullfont!
Missing character: There is no ( in font nullfont!
Missing character: There is no D in font nullfont!
Missing character: There is no B in font nullfont!
Missing character: There is no I in font nullfont!
Missing character: There is no ) in font nullfont!
Missing character: There is no ， in font nullfont!
Missing character: There is no 又 in font nullfont!
Missing character: There is no 称 in font nullfont!
Missing character: There is no 为 in font nullfont!
Missing character: There is no 分 in font nullfont!
Missing character: There is no 类 in font nullfont!
Missing character: There is no 适 in font nullfont!
Missing character: There is no 确 in font nullfont!
Missing character: There is no 性 in font nullfont!
Missing character: There is no 指 in font nullfont!
Missing character: There is no 标 in font nullfont!
Missing character: There is no ， in font nullfont!
Missing character: There is no 是 in font nullfont!
Missing character: There is no 由 in font nullfont!
Missing character: There is no 大 in font nullfont!
Missing character: There is no 卫 in font nullfont!
Missing character: There is no L in font nullfont!
Missing character: There is no · in font nullfont!
Missing character: There is no D in font nullfont!
Missing character: There is no a in font nullfont!
Missing character: There is no v in font nullfont!
Missing character: There is no i in font nullfont!
Missing character: There is no s in font nullfont!
Missing character: There is no 和 in font nullfont!
Missing character: There is no D in font nullfont!
Missing character: There is no · in font nullfont!
Missing character: There is no B in font nullfont!
Missing character: There is no o in font nullfont!
Missing character: There is no u in font nullfont!
Missing character: There is no l in font nullfont!
Missing character: There is no d in font nullfont!
Missing character: There is no i in font nullfont!
Missing character: There is no n in font nullfont!
Missing character: There is no 提 in font nullfont!
Missi