This is XeTeX, Version 3.14159265-2.6-0.99999 (TeX Live 2018/W32TeX) (preloaded format=xelatex 2019.2.26)  19 NOV 2020 22:19
entering extended mode
 restricted \write18 enabled.
 %&-line parsing enabled.
**chapter1.tex
(./chapter1.tex
LaTeX2e <2018-04-01> patch level 2
Babel <3.18> and hyphenation patterns for 84 language(s) loaded.
! Undefined control sequence.
l.2 \section
            {问题背景}
The control sequence at the end of the top line
of your error message was never \def'ed. If you have
misspelled it (e.g., `\hobx'), type `I' and the correct
spelling (e.g., `I\hbox'). Otherwise just continue,
and I'll forget about whatever was undefined.


! LaTeX Error: Missing \begin{document}.

See the LaTeX manual or LaTeX Companion for explanation.
Type  H <return>  for immediate help.
 ...                                              
                                                  
l.2 \section{问
              题背景}
You're in trouble here.  Try typing  <return>  to proceed.
If that doesn't work, type  X <return>  to quit.

Missing character: There is no 问 in font nullfont!
Missing character: There is no 题 in font nullfont!
Missing character: There is no 背 in font nullfont!
Missing character: There is no 景 in font nullfont!
Missing character: There is no 蒙 in font nullfont!
Missing character: There is no 提 in font nullfont!
Missing character: There is no 霍 in font nullfont!
Missing character: There is no 尔 in font nullfont!
Missing character: There is no 问 in font nullfont!
Missing character: There is no 题 in font nullfont!
Missing character: There is no ( in font nullfont!
Missing character: There is no M in font nullfont!
Missing character: There is no o in font nullfont!
Missing character: There is no n in font nullfont!
Missing character: There is no t in font nullfont!
Missing character: There is no y in font nullfont!
Missing character: There is no H in font nullfont!
Missing character: There is no a in font nullfont!
Missing character: There is no l in font nullfont!
Missing character: There is no l in font nullfont!
Missing character: There is no P in font nullfont!
Missing character: There is no r in font nullfont!
Missing character: There is no o in font nullfont!
Missing character: There is no b in font nullfont!
Missing character: There is no l in font nullfont!
Missing character: There is no e in font nullfont!
Missing character: There is no m in font nullfont!
Missing character: There is no ) in font nullfont!
Missing character: There is no 又 in font nullfont!
Missing character: There is no 称 in font nullfont!
Missing character: There is no 三 in font nullfont!
Missing character: There is no 门 in font nullfont!
Missing character: There is no 问 in font nullfont!
Missing character: There is no 题 in font nullfont!
Missing character: There is no 、 in font nullfont!
Missing character: There is no 山 in font nullfont!
Missing character: There is no 羊 in font nullfont!
Missing character: There is no 汽 in font nullfont!
Missing character: There is no 车 in font nullfont!
Missing character: There is no 问 in font nullfont!
Missing character: There is no 题 in font nullfont!
Missing character: There is no ， in font nullfont!
Missing character: There is no 出 in font nullfont!
Missing character: There is no 自 in font nullfont!
Missing character: There is no 美 in font nullfont!
Missing character: There is no 国 in font nullfont!
Missing character: There is no 大 in font nullfont!
Missing character: There is no 型 in font nullfont!
Missing character: There is no 游 in font nullfont!
Missing character: There is no 戏 in font nullfont!
Missing character: There is no 节 in font nullfont!
Missing character: There is no 目 in font nullfont!
Missing character: There is no L in font nullfont!
Missing character: There is no e in font nullfont!
Missing character: There is no t in font nullfont!
Missing character: There is no ' in font nullfont!
Missing character: There is no s in font nullfont!
Missing character: There is no M in font nullfont!
Missing character: There is no a in font nullfont!
Missing character: There is no k in font nullfont!
Missing character: There is no e in font nullfont!
Missing character: There is no a in font nullfont!
Missing character: There is no D in font nullfont!
Missing character: There is no e in font nullfont!
Missing character: There is no a in font nullfont!
Missing character: There is no l in font nullfont!
Missing character: There is no 。 in font nullfont!

Overfull \hbox (20.0pt too wide) in paragraph at lines 2--4
[]
 []

! Undefined control sequence.
l.5 \subsection
               {描述}
The control sequence at the end of the top line
of your error message was never \def'ed. If you have
misspelled it (e.g., `\hobx'), type `I' and the correct
spelling (e.g., `I\hbox'). Otherwise just continue,
and I'll forget about whatever was undefined.


! LaTeX Error: Missing \begin{document}.

See the LaTeX manual or LaTeX Companion for explanation.
Type  H <return>  for immediate help.
 ...                                              
                                                  
l.5 \subsection{描
                 述}
You're in trouble here.  Try typing  <return>  to proceed.
If that doesn't work, type  X <return>  to quit.

Missing character: There is no 描 in font nullfont!
Missing character: There is no 述 in font nullfont!
Missing character: There is no 现 in font nullfont!
Missing character: There is no 有 in font nullfont!
Missing character: There is no 三 in font nullfont!
Missing character: There is no 扇 in font nullfont!
Missing character: There is no 门 in font nullfont!
Missing character: There is no ， in font nullfont!
Missing character: There is no 其 in font nullfont!
Missing character: There is no 中 in font nullfont!
Missing character: There is no 一 in font nullfont!
Missing character: There is no 扇 in font nullfont!
Missing character: There is no 门 in font nullfont!
Missing character: There is no 后 in font nullfont!
Missing character: There is no 是 in font nullfont!
Missing character: There is no 一 in font nullfont!
Missing character: There is no 辆 in font nullfont!
Missing character: There is no 车 in font nullfont!
Missing character: There is no ， in font nullfont!
Missing character: There is no 另 in font nullfont!
Missing character: There is no 外 in font nullfont!
Missing character: There is no 两 in font nullfont!
Missing character: There is no 扇 in font nullfont!
Missing character: There is no 门 in font nullfont!
Missing character: There is no 后 in font nullfont!
Missing character: There is no 是 in font nullfont!
Missing character: There is no 一 in font nullfont!
Missing character: There is no 头 in font nullfont!
Missing character: There is no 山 in font nullfont!
Missing character: There is no 羊 in font nullfont!
Missing character: There is no 。 in font nullfont!
Missing character: There is no 选 in font nullfont!
Missing character: There is no 手 in font nullfont!
Missing character: There is no 从 in font nullfont!
Missing character: There is no 1 in font nullfont!
Missing character: There is no ， in font nullfont!
Missing character: There is no 2 in font nullfont!
Missing character: There is no ， in font nullfont!
Missing character: There is no 3 in font nullfont!
Missing character: There is no 号 in font nullfont!
Missing character: There is no 三 in font nullfont!
Missing character: There is no 扇 in font nullfont!
Missing character: There is no 门 in font nullfont!
Missing character: There is no 中 in font nullfont!
Missing character: There is no 选 in font nullfont!
Missing character: There is no 出 in font nullfont!
Missing character: There is no 一 in font nullfont!
Missing character: There is no 扇 in font nullfont!
Missing character: There is no （ in font nullfont!
Missing character: There is no 仅 in font nullfont!
Missing character: There is no 标 in font nullfont!
Missing character: There is no 记 in font nullfont!
Missing character: There is no ， in font nullfont!
Missing character: There is no 不 in font nullfont!
Missing character: There is no 打 in font nullfont!
Missing character: There is no 开 in font nullfont!
Missing character: There is no ） in font nullfont!
Missing character: There is no ， in font nullfont!
Missing character: There is no 接 in font nullfont!
Missing character: There is no 着 in font nullfont!
Missing character: There is no 主 in font nullfont!
Missing character: There is no 持 in font nullfont!
Missing character: There is no 人 in font nullfont!
Missing character: There is no 再 in font nullfont!
Missing character: There is no 从 in font nullfont!
Missing character: There is no 未 in font nullfont!
Missing character: There is no 标 in font nullfont!
Missing character: There is no 记 in font nullfont!
Missing character: There is no 的 in font nullfont!
Missing character: There is no 两 in font nullfont!
Missing character: There is no 扇 in font nullfont!
Missing character: There is no 门 in font nullfont!
Missing character: There is no 中 in font nullfont!
Missing character: There is no 选 in font nullfont!
Missing character: There is no 出 in font nullfont!
Missing character: There is no 一 in font nullfont!
Missing character: There is no 扇 in font nullfont!
Missing character: There is no 打 in font nullfont!
Missing character: There is no 开 in font nullfont!
Missing character: There is no 。 in font nullfont!
Missing character: There is no 主 in font nullfont!
Missing character: There is no 持 in font nullfont!
Missing character: There is no 人 in font nullfont!
Missing character: There is no 知 in font nullfont!
Missing character: There is no 道 in font nullfont!
Missing character: There is no 每 in font nullfont!
Missing character: There is no 扇 in font nullfont!
Missing character: There is no 门 in font nullfont!
Missing character: There is no 后 in font nullfont!
Missing character: There is no 放 in font nullfont!
Missing character: There is no 的 in font nullfont!
Missing character: There is no 是 in font nullfont!
Missing character: There is no 什 in font nullfont!
Missing character: There is no 么 in font nullfont!
Missing character: There is no ， in font nullfont!
Missing character: There is no 所 in font nullfont!
Missing character: There is no 以 in font nullfont!
Missing character: There is no 每 in font nullfont!
Missing character: There is no 次 in font nullfont!
Missing character: There is no 主 in font nullfont!
Missing character: There is no 持 in font nullfont!
Missing character: There is no 人 in font nullfont!
Missing character: There is no 都 in font nullfont!
Missing character: There is no 选 in font nullfont!
Missing character: There is no 择 in font nullfont!
Missing character: There is no 后 in font nullfont!
Missing character: There is no 面 in font nullfont!
Missing character: There is no 是 in font nullfont!
Missing character: There is no 羊 in font nullfont!
Missing character: There is no 的 in font nullfont!
Missing character: There is no 那 in font nullfont!
Missing character: There is no 扇 in font nullfont!
Missing character: There is no 门 in font nullfont!
Missing character: There is no 打 in font nullfont!
Missing character: There is no 开 in font nullfont!
Missing character: There is no 。 in font nullfont!
Missing character: There is no 选 in font nullfont!
Missing character: There is no 手 in font nullfont!
Missing character: There is no 有 in font nullfont!
Missing character: There is no 一 in font nullfont!
Missing character: There is no 次 in font nullfont!
Missing character: There is no 改 in font nullfont!
Missing character: There is no 变 in font nullfont!
Missing character: There is no 自 in font nullfont!
Missing character: There is no 己 in font nullfont!
Missing character: There is no 选 in font nullfont!
Missing character: There is no 择 in font nullfont!
Missing character: There is no 的 in font nullfont!
Missing character: There is no 机 in font nullfont!
Missing character: There is no 会 in font nullfont!
Missing character: There is no 。 in font nullfont!
Missing character: There is no 最 in font nullfont!
Missing character: There is no 后 in font nullfont!
Missing character: There is no ， in font nullfont!
Missing character: There is no 打 in font nullfont!
Missing character: There is no 开 in font nullfont!
Missing character: There is no 选 in font nullfont!
Missing character: There is no 手 in font nullfont!
Missing character: There is no 最 in font nullfont!
Missing character: There is no 终 in font nullfont!
Missing character: There is no 选 in font nullfont!
Missing character: There is no 中 in font nullfont!
Missing character: There is no 的 in font nullfont!
Missing character: There is no 那 in font nullfont!
Missing character: There is no 扇 in font nullfont!
Missing character: There is no 门 in font nullfont!
Missing character: There is no ， in font nullfont!
Missing character: There is no 以 in font nullfont!
Missing character: There is no 选 in font nullfont!
Missing character: There is no 手 in font nullfont!
Missing character: There is no 最 in font nullfont!
Missing character: There is no 终 in font nullfont!
Missing character: There is no 选 in font nullfont!
Missing character: There is no 择 in font nullfont!
Missing character: There is no 的 in font nullfont!
Missing character: There is no 是 in font nullfont!
Missing character: There is no 车 in font nullfont!
Missing character: There is no 为 in font nullfont!
Missing character: There is no 获 in font nullfont!
Missing character: There is no 胜 in font nullfont!
Missing character: There is no 。 in font nullfont!
Missing character: There is no 请 in font nullfont!
Missing character: There is no 问 in font nullfont!
Missing character: There is no 选 in font nullfont!
Missing character: There is no 手 in font nullfont!
Missing character: There is no 是 in font nullfont!
Missing character: There is no 否 in font nullfont!
Missing character: There is no 需 in font nullfont!
Missing character: There is no 要 in font nullfont!
Missing character: There is no 改 in font nullfont!
Missing character: There is no 变 in font nullfont!
Missing character: There is no 选 in font nullfont!
Missing character: There is no 择 in font nullfont!
Missing character: There is no ？ in font nullfont!

Overfull \hbox (20.0pt too wide) in paragraph at lines 5--7
[]
 []

! Undefined control sequence.
l.9 \subsection
               {CIFERS-10数据集}
The control sequence at the end of the top line
of your error message was never \def'ed. If you have
misspelled it (e.g., `\hobx'), type `I' and the correct
spelling (e.g., `I\hbox'). Otherwise just continue,
and I'll forget about whatever was undefined.


! LaTeX Error: Missing \begin{document}.

See the LaTeX manual or LaTeX Companion for explanation.
Type  H <return>  for immediate help.
 ...                                              
                                                  
l.9 \subsection{C
                 IFERS-10数据集}
You're in trouble here.  Try typing  <return>  to proceed.
If that doesn't work, type  X <return>  to quit.

Missing character: There is no C in font nullfont!
Missing character: There is no I in font nullfont!
Missing character: There is no F in font nullfont!
Missing character: There is no E in font nullfont!
Missing character: There is no R in font nullfont!
Missing character: There is no S in font nullfont!
Missing character: There is no - in font nullfont!
Missing character: There is no 1 in font nullfont!
Missing character: There is no 0 in font nullfont!
Missing character: There is no 数 in font nullfont!
Missing character: There is no 据 in font nullfont!
Missing character: There is no 集 in font nullfont!
Missing character: There is no 该 in font nullfont!
Missing character: There is no 数 in font nullfont!
Missing character: There is no 据 in font nullfont!
Missing character: There is no 集 in font nullfont!
Missing character: There is no 共 in font nullfont!
Missing character: There is no 有 in font nullfont!
Missing character: There is no 6 in font nullfont!
Missing character: There is no 0 in font nullfont!
Missing character: There is no 0 in font nullfont!
Missing character: There is no 0 in font nullfont!
Missing character: There is no 0 in font nullfont!
Missing character: There is no 张 in font nullfont!
Missing character: There is no 彩 in font nullfont!
Missing character: There is no 色 in font nullfont!
Missing character: There is no 图 in font nullfont!
Missing character: There is no 像 in font nullfont!
Missing character: There is no ， in font nullfont!
Missing character: There is no 这 in font nullfont!
Missing character: There is no 些 in font nullfont!
Missing character: There is no 图 in font nullfont!
Missing character: There is no 像 in font nullfont!
Missing character: There is no 是 in font nullfont!
Missing character: There is no 3 in font nullfont!
Missing character: There is no 2 in font nullfont!
Missing character: There is no * in font nullfont!
Missing character: There is no 3 in font nullfont!
Missing character: There is no 2 in font nullfont!
Missing character: There is no ， in font nullfont!
Missing character: There is no 分 in font nullfont!
Missing character: There is no 为 in font nullfont!
Missing character: There is no 1 in font nullfont!
Missing character: There is no 0 in font nullfont!
Missing character: There is no 个 in font nullfont!
Missing character: There is no 类 in font nullfont!
Missing character: There is no ， in font nullfont!
Missing character: There is no 每 in font nullfont!
Missing character: There is no 类 in font nullfont!
Missing character: There is no 6 in font nullfont!
Missing character: There is no 0 in font nullfont!
Missing character: There is no 0 in font nullfont!
Missing character: There is no 0 in font nullfont!
Missing character: There is no 张 in font nullfont!
Missing character: There is no 图 in font nullfont!
Missing character: There is no 。 in font nullfont!
Missing character: There is no 这 in font nullfont!
Missing character: There is no 里 in font nullfont!
Missing character: There is no 面 in font nullfont!
Missing character: There is no 有 in font nullfont!
Missing character: There is no 5 in font nullfont!
Missing character: There is no 0 in font nullfont!
Missing character: There is no 0 in font nullfont!
Missing character: There is no 0 in font nullfont!
Missing character: There is no 0 in font nullfont!
Missing character: There is no 张 in font nullfont!
Missing character: There is no 用 in font nullfont!
Missing character: There is no 于 in font nullfont!
Missing character: There is no 训 in font nullfont!
Missing character: There is no 练 in font nullfont!
Missing character: There is no ， in font nullfont!
Missing character: There is no 构 in font nullfont!
Missing character: There is no 成 in font nullfont!
Missing character: There is no 了 in font nullfont!
Missing character: There is no 5 in font nullfont!
Missing character: There is no 个 in font nullfont!
Missing character: There is no 训 in font nullfont!
Missing character: There is no 练 in font nullfont!
Missing character: There is no 批 in font nullfont!
Missing character: There is no ， in font nullfont!
Missing character: There is no 每 in font nullfont!
Missing character: There is no 一 in font nullfont!
Missing character: There is no 批 in font nullfont!
Missing character: There is no 1 in font nullfont!
Missing character: There is no 0 in font nullfont!
Missing character: There is no 0 in font nullfont!
Missing character: There is no 0 in font nullfont!
Missing character: There is no 0 in font nullfont!
Missing character: There is no 张 in font nullfont!
Missing character: There is no 图 in font nullfont!
Missing character: There is no ； in font nullfont!
Missing character: There is no 另 in font nullfont!
Missing character: There is no 外 in font nullfont!
Missing character: There is no 1 in font nullfont!
Missing character: There is no 0 in font nullfont!
Missing character: There is no 0 in font nullfont!
Missing character: There is no 0 in font nullfont!
Missing character: There is no 0 in font nullfont!
Missing character: There is no 用 in font nullfont!
Missing character: There is no 于 in font nullfont!
Missing character: There is no 测 in font nullfont!
Missing character: There is no 试 in font nullfont!
Missing character: There is no ， in font nullfont!
Missing character: There is no 单 in font nullfont!
Missing character: There is no 独 in font nullfont!
Missing character: There is no 构 in font nullfont!
Missing character: There is no 成 in font nullfont!
Missing character: There is no 一 in font nullfont!
Missing character: There is no 批 in font nullfont!
Missing character: There is no 。 in font nullfont!
Missing character: There is no 测 in font nullfont!
Missing character: There is no 试 in font nullfont!
Missing character: There is no 批 in font nullfont!
Missing character: There is no 的 in font nullfont!
Missing character: There is no 数 in font nullfont!
Missing character: There is no 据 in font nullfont!
Missing character: There is no 里 in font nullfont!
Missing character: There is no ， in font nullfont!
Missing character: There is no 取 in font nullfont!
Missing character: There is no 自 in font nullfont!
Missing character: There is no 1 in font nullfont!
Missing character: There is no 0 in font nullfont!
Missing character: There is no 类 in font nullfont!
Missing character: There is no 中 in font nullfont!
Missing character: There is no 的 in font nullfont!
Missing character: There is no 每 in font nullfont!
Missing character: There is no 一 in font nullfont!
Missing character: There is no 类 in font nullfont!
Missing character: There is no ， in font nullfont!
Missing character: There is no 每 in font nullfont!
Missing character: There is no 一 in font nullfont!
Missing character: There is no 类 in font nullfont!
Missing character: There is no 随 in font nullfont!
Missing character: There is no 机 in font nullfont!
Missing character: There is no 取 in font nullfont!
Missing character: There is no 1 in font nullfont!
Missing character: There is no 0 in font nullfont!
Missing character: There is no 0 in font nullfont!
Missing character: There is no 0 in font nullfont!
Missing character: There is no 张 in font nullfont!
Missing character: There is no 。 in font nullfont!
Missing character: There is no 抽 in font nullfont!
Missing character: There is no 剩 in font nullfont!
Missing character: There is no 下 in font nullfont!
Missing character: There is no 的 in font nullfont!
Missing character: There is no 就 in font nullfont!
Missing character: There is no 随 in font nullfont!
Missing character: There is no 机 in font nullfont!
Missing character: There is no 排 in font nullfont!
Missing character: There is no 列 in font nullfont!
Missing character: There is no 组 in font nullfont!
Missing character: There is no 成 in font nullfont!
Missing character: There is no 了 in font nullfont!
Missing character: There is no 训 in font nullfont!
Missing character: There is no 练 in font nullfont!
Missing character: There is no 批 in font nullfont!
Missing character: There is no 。 in font nullfont!
Missing character: There is no 注 in font nullfont!
Missing character: There is no 意 in font nullfont!
Missing character: There is no 一 in font nullfont!
Missing character: There is no 个 in font nullfont!
Missing character: There is no 训 in font nullfont!
Missing character: There is no 练 in font nullfont!
Missing character: There is no 批 in font nullfont!
Missing character: There is no 中 in font nullfont!
Missing character: There is no 的 in font nullfont!
Missing character: There is no 各 in font nullfont!
Missing character: There is no 类 in font nullfont!
Missing character: There is no 图 in font nullfont!
Missing character: There is no 像 in font nullfont!
Missing character: There is no 并 in font nullfont!
Missing character: There is no 不 in font nullfont!
Missing character: There is no 一 in font nullfont!
Missing character: There is no 定 in font nullfont!
Missing character: There is no 数 in font nullfont!
Missing character: There is no 量 in font nullfont!
Missing character: There is no 相 in font nullfont!
Missing character: There is no 同 in font nullfont!
Missing character: There is no ， in font nullfont!
Missing character: There is no 总 in font nullfont!
Missing character: There is no 的 in font nullfont!
Missing character: There is no 来 in font nullfont!
Missing character: There is no 看 in font nullfont!
Missing character: There is no 训 in font nullfont!
Missing character: There is no 练 in font nullfont!
Missing character: There is no 批 in font nullfont!
Missing character: There is no ， in font nullfont!
Missing character: There is no 每 in font nullfont!
Missing character: There is no 一 in font nullfont!
Missing character: There is no 类 in font nullfont!
Missing character: There is no 都 in font nullfont!
Missing character: There is no 有 in font nullfont!
Missing character: There is no 5 in font nullfont!
Missing character: There is no 0 in font nullfont!
Missing character: There is no 0 in font nullfont!
Missing character: There is no 0 in font nullfont!
Missing character: There is no 张 in font nullfont!
Missing character: There is no 图 in font nullfont!
Missing character: There is no 。 in font nullfont!
)
! Emergency stop.
<*> chapter1.tex
                
*** (job aborted, no legal \end found)

 
Here is how much of TeX's memory you used:
 4 strings out of 492970
 46 string characters out of 6137298
 63642 words of memory out of 5000000
 4112 multiletter control sequences out of 15000+600000
 3640 words of font info for 14 fonts, out of 8000000 for 9000
 1348 hyphenation exceptions out of 8191
 5i,0n,4p,202b,16s stack positions out of 5000i,500n,10000p,200000b,80000s
No pages of output.
